2014-11-26 16:59:18 Error: [MissingConnectionException] Database connection "Mysql" is missing, or could not be created.
Exception Attributes: array (
  'class' => 'Mysql',
  'message' => 'SQLSTATE[HY000] [2003] Can\'t connect to MySQL server on \'localhost:8889\' (61)',
  'enabled' => true,
)
Request URL: /web/users
Stack Trace:
#0 /Users/Panda/Sites/web/lib/Cake/Model/Datasource/DboSource.php(260): Mysql->connect()
#1 /Users/Panda/Sites/web/lib/Cake/Model/ConnectionManager.php(105): DboSource->__construct(Array)
#2 /Users/Panda/Sites/web/lib/Cake/Model/Model.php(3539): ConnectionManager::getDataSource('default')
#3 /Users/Panda/Sites/web/lib/Cake/Model/Model.php(1136): Model->setDataSource('default')
#4 /Users/Panda/Sites/web/lib/Cake/Model/Model.php(3566): Model->setSource('users')
#5 /Users/Panda/Sites/web/lib/Cake/Model/Model.php(2947): Model->getDataSource()
#6 /Users/Panda/Sites/web/lib/Cake/Model/Model.php(2919): Model->_readDataSource('all', Array)
#7 /Users/Panda/Sites/web/lib/Cake/Controller/Component/PaginatorComponent.php(196): Model->find('all', Array)
#8 /Users/Panda/Sites/web/app/Controller/UsersController.php(26): PaginatorComponent->paginate()
#9 [internal function]: UsersController->index()
#10 /Users/Panda/Sites/web/lib/Cake/Controller/Controller.php(490): ReflectionMethod->invokeArgs(Object(UsersController), Array)
#11 /Users/Panda/Sites/web/lib/Cake/Routing/Dispatcher.php(191): Controller->invokeAction(Object(CakeRequest))
#12 /Users/Panda/Sites/web/lib/Cake/Routing/Dispatcher.php(165): Dispatcher->_invoke(Object(UsersController), Object(CakeRequest))
#13 /Users/Panda/Sites/web/app/webroot/index.php(108): Dispatcher->dispatch(Object(CakeRequest), Object(CakeResponse))
#14 {main}
2014-11-26 16:59:22 Error: [MissingControllerException] Controller class UserController could not be found.
Exception Attributes: array (
  'class' => 'UserController',
  'plugin' => NULL,
)
Request URL: /web/user
Stack Trace:
#0 /Users/Panda/Sites/web/app/webroot/index.php(108): Dispatcher->dispatch(Object(CakeRequest), Object(CakeResponse))
#1 {main}
2014-11-26 16:59:34 Error: [MissingConnectionException] Database connection "Mysql" is missing, or could not be created.
Exception Attributes: array (
  'class' => 'Mysql',
  'message' => 'SQLSTATE[HY000] [2003] Can\'t connect to MySQL server on \'localhost:8889\' (61)',
  'enabled' => true,
)
Request URL: /web/users
Stack Trace:
#0 /Users/Panda/Sites/web/lib/Cake/Model/Datasource/DboSource.php(260): Mysql->connect()
#1 /Users/Panda/Sites/web/lib/Cake/Model/ConnectionManager.php(105): DboSource->__construct(Array)
#2 /Users/Panda/Sites/web/lib/Cake/Model/Model.php(3539): ConnectionManager::getDataSource('default')
#3 /Users/Panda/Sites/web/lib/Cake/Model/Model.php(1136): Model->setDataSource('default')
#4 /Users/Panda/Sites/web/lib/Cake/Model/Model.php(3566): Model->setSource('users')
#5 /Users/Panda/Sites/web/lib/Cake/Model/Model.php(2947): Model->getDataSource()
#6 /Users/Panda/Sites/web/lib/Cake/Model/Model.php(2919): Model->_readDataSource('all', Array)
#7 /Users/Panda/Sites/web/lib/Cake/Controller/Component/PaginatorComponent.php(196): Model->find('all', Array)
#8 /Users/Panda/Sites/web/app/Controller/UsersController.php(26): PaginatorComponent->paginate()
#9 [internal function]: UsersController->index()
#10 /Users/Panda/Sites/web/lib/Cake/Controller/Controller.php(490): ReflectionMethod->invokeArgs(Object(UsersController), Array)
#11 /Users/Panda/Sites/web/lib/Cake/Routing/Dispatcher.php(191): Controller->invokeAction(Object(CakeRequest))
#12 /Users/Panda/Sites/web/lib/Cake/Routing/Dispatcher.php(165): Dispatcher->_invoke(Object(UsersController), Object(CakeRequest))
#13 /Users/Panda/Sites/web/app/webroot/index.php(108): Dispatcher->dispatch(Object(CakeRequest), Object(CakeResponse))
#14 {main}
2014-11-27 16:31:41 Error: [MissingActionException] Action UsersController::login() could not be found.
Exception Attributes: array (
  'controller' => 'UsersController',
  'action' => 'login',
)
Request URL: /users/login
Stack Trace:
#0 /var/www/html/lib/Cake/Routing/Dispatcher.php(191): Controller->invokeAction(Object(CakeRequest))
#1 /var/www/html/lib/Cake/Routing/Dispatcher.php(165): Dispatcher->_invoke(Object(UsersController), Object(CakeRequest))
#2 /var/www/html/app/webroot/index.php(108): Dispatcher->dispatch(Object(CakeRequest), Object(CakeResponse))
#3 {main}
2014-11-27 16:31:43 Error: [MissingActionException] Action UsersController::login() could not be found.
Exception Attributes: array (
  'controller' => 'UsersController',
  'action' => 'login',
)
Request URL: /users/login
Stack Trace:
#0 /var/www/html/lib/Cake/Routing/Dispatcher.php(191): Controller->invokeAction(Object(CakeRequest))
#1 /var/www/html/lib/Cake/Routing/Dispatcher.php(165): Dispatcher->_invoke(Object(UsersController), Object(CakeRequest))
#2 /var/www/html/app/webroot/index.php(108): Dispatcher->dispatch(Object(CakeRequest), Object(CakeResponse))
#3 {main}
2014-11-27 16:31:47 Error: [MissingControllerException] Controller class UserController could not be found.
Exception Attributes: array (
  'class' => 'UserController',
  'plugin' => NULL,
)
Request URL: /user/add
Stack Trace:
#0 /var/www/html/app/webroot/index.php(108): Dispatcher->dispatch(Object(CakeRequest), Object(CakeResponse))
#1 {main}
2014-11-27 16:31:56 Error: Fatal Error (4): syntax error, unexpected ';', expecting ')' in [/var/www/html/app/Model/User.php, line 94]
2014-11-27 16:31:56 Error: [FatalErrorException] syntax error, unexpected ';', expecting ')'
Request URL: /users/add
Stack Trace:
#0 /var/www/html/lib/Cake/Error/ErrorHandler.php(203): ErrorHandler::handleFatalError(4, 'syntax error, u...', '/var/www/html/a...', 94)
#1 [internal function]: ErrorHandler::handleError(4, 'syntax error, u...', '/var/www/html/a...', 94, Array)
#2 /var/www/html/lib/Cake/Core/App.php(931): call_user_func('ErrorHandler::h...', 4, 'syntax error, u...', '/var/www/html/a...', 94, Array)
#3 /var/www/html/lib/Cake/Core/App.php(904): App::_checkFatalError()
#4 [internal function]: App::shutdown()
#5 {main}
2014-11-27 16:33:55 Error: [MissingActionException] Action UsersController::login() could not be found.
Exception Attributes: array (
  'controller' => 'UsersController',
  'action' => 'login',
)
Request URL: /users/login
Stack Trace:
#0 /var/www/html/lib/Cake/Routing/Dispatcher.php(191): Controller->invokeAction(Object(CakeRequest))
#1 /var/www/html/lib/Cake/Routing/Dispatcher.php(165): Dispatcher->_invoke(Object(UsersController), Object(CakeRequest))
#2 /var/www/html/app/webroot/index.php(108): Dispatcher->dispatch(Object(CakeRequest), Object(CakeResponse))
#3 {main}
2014-11-27 16:34:06 Error: Fatal Error (1): Call to a member function allow() on a non-object in [/var/www/html/app/Controller/UsersController.php, line 21]
2014-11-27 16:34:06 Error: [FatalErrorException] Call to a member function allow() on a non-object
Request URL: /users/login
Stack Trace:
#0 /var/www/html/lib/Cake/Error/ErrorHandler.php(203): ErrorHandler::handleFatalError(1, 'Call to a membe...', '/var/www/html/a...', 21)
#1 [internal function]: ErrorHandler::handleError(1, 'Call to a membe...', '/var/www/html/a...', 21, Array)
#2 /var/www/html/lib/Cake/Core/App.php(931): call_user_func('ErrorHandler::h...', 1, 'Call to a membe...', '/var/www/html/a...', 21, Array)
#3 /var/www/html/lib/Cake/Core/App.php(904): App::_checkFatalError()
#4 [internal function]: App::shutdown()
#5 {main}
2014-11-27 16:34:09 Error: Fatal Error (1): Call to a member function allow() on a non-object in [/var/www/html/app/Controller/UsersController.php, line 21]
2014-11-27 16:34:09 Error: [FatalErrorException] Call to a member function allow() on a non-object
Request URL: /users/add
Stack Trace:
#0 /var/www/html/lib/Cake/Error/ErrorHandler.php(203): ErrorHandler::handleFatalError(1, 'Call to a membe...', '/var/www/html/a...', 21)
#1 [internal function]: ErrorHandler::handleError(1, 'Call to a membe...', '/var/www/html/a...', 21, Array)
#2 /var/www/html/lib/Cake/Core/App.php(931): call_user_func('ErrorHandler::h...', 1, 'Call to a membe...', '/var/www/html/a...', 21, Array)
#3 /var/www/html/lib/Cake/Core/App.php(904): App::_checkFatalError()
#4 [internal function]: App::shutdown()
#5 {main}
2014-11-27 16:35:31 Error: Fatal Error (1): Class 'SimplePasswordHasher' not found in [/var/www/html/app/Model/User.php, line 99]
2014-11-27 16:35:31 Error: [FatalErrorException] Class 'SimplePasswordHasher' not found
Request URL: /users/add
Stack Trace:
#0 /var/www/html/lib/Cake/Error/ErrorHandler.php(203): ErrorHandler::handleFatalError(1, 'Class 'SimplePa...', '/var/www/html/a...', 99)
#1 [internal function]: ErrorHandler::handleError(1, 'Class 'SimplePa...', '/var/www/html/a...', 99, Array)
#2 /var/www/html/lib/Cake/Core/App.php(931): call_user_func('ErrorHandler::h...', 1, 'Class 'SimplePa...', '/var/www/html/a...', 99, Array)
#3 /var/www/html/lib/Cake/Core/App.php(904): App::_checkFatalError()
#4 [internal function]: App::shutdown()
#5 {main}
2014-11-27 16:36:36 Error: [MissingControllerException] Controller class StudentController could not be found.
Exception Attributes: array (
  'class' => 'StudentController',
  'plugin' => NULL,
)
Request URL: /student
Stack Trace:
#0 /var/www/html/app/webroot/index.php(108): Dispatcher->dispatch(Object(CakeRequest), Object(CakeResponse))
#1 {main}
2014-11-27 16:36:50 Error: [MissingActionException] Action UsersController::login() could not be found.
Exception Attributes: array (
  'controller' => 'UsersController',
  'action' => 'login',
)
Request URL: /users/login
Stack Trace:
#0 /var/www/html/lib/Cake/Routing/Dispatcher.php(191): Controller->invokeAction(Object(CakeRequest))
#1 /var/www/html/lib/Cake/Routing/Dispatcher.php(165): Dispatcher->_invoke(Object(UsersController), Object(CakeRequest))
#2 /var/www/html/app/webroot/index.php(108): Dispatcher->dispatch(Object(CakeRequest), Object(CakeResponse))
#3 {main}
2014-11-27 16:42:19 Error: [MissingActionException] Action UsersController::read() could not be found.
Exception Attributes: array (
  'controller' => 'UsersController',
  'action' => 'read',
)
Request URL: /users/read
Stack Trace:
#0 /var/www/html/lib/Cake/Routing/Dispatcher.php(191): Controller->invokeAction(Object(CakeRequest))
#1 /var/www/html/lib/Cake/Routing/Dispatcher.php(165): Dispatcher->_invoke(Object(UsersController), Object(CakeRequest))
#2 /var/www/html/app/webroot/index.php(108): Dispatcher->dispatch(Object(CakeRequest), Object(CakeResponse))
#3 {main}
2014-11-27 16:42:29 Error: [MissingActionException] Action UsersController::login() could not be found.
Exception Attributes: array (
  'controller' => 'UsersController',
  'action' => 'login',
)
Request URL: /users/login
Stack Trace:
#0 /var/www/html/lib/Cake/Routing/Dispatcher.php(191): Controller->invokeAction(Object(CakeRequest))
#1 /var/www/html/lib/Cake/Routing/Dispatcher.php(165): Dispatcher->_invoke(Object(UsersController), Object(CakeRequest))
#2 /var/www/html/app/webroot/index.php(108): Dispatcher->dispatch(Object(CakeRequest), Object(CakeResponse))
#3 {main}
2014-11-27 16:42:32 Error: [MissingActionException] Action UsersController::login() could not be found.
Exception Attributes: array (
  'controller' => 'UsersController',
  'action' => 'login',
)
Request URL: /users/login
Stack Trace:
#0 /var/www/html/lib/Cake/Routing/Dispatcher.php(191): Controller->invokeAction(Object(CakeRequest))
#1 /var/www/html/lib/Cake/Routing/Dispatcher.php(165): Dispatcher->_invoke(Object(UsersController), Object(CakeRequest))
#2 /var/www/html/app/webroot/index.php(108): Dispatcher->dispatch(Object(CakeRequest), Object(CakeResponse))
#3 {main}
2014-11-27 16:53:18 Error: [MissingViewException] View file "/var/www/html/app/View/Users/login.ctp" is missing.
Exception Attributes: array (
  'file' => '/var/www/html/app/View/Users/login.ctp',
)
Request URL: /users/login
Stack Trace:
#0 /var/www/html/lib/Cake/View/View.php(468): View->_getViewFileName(NULL)
#1 /var/www/html/lib/Cake/Controller/Controller.php(954): View->render(NULL, NULL)
#2 /var/www/html/lib/Cake/Routing/Dispatcher.php(198): Controller->render()
#3 /var/www/html/lib/Cake/Routing/Dispatcher.php(165): Dispatcher->_invoke(Object(UsersController), Object(CakeRequest))
#4 /var/www/html/app/webroot/index.php(108): Dispatcher->dispatch(Object(CakeRequest), Object(CakeResponse))
#5 {main}
2014-11-27 16:53:21 Error: [MissingViewException] View file "/var/www/html/app/View/Users/login.ctp" is missing.
Exception Attributes: array (
  'file' => '/var/www/html/app/View/Users/login.ctp',
)
Request URL: /users/login
Stack Trace:
#0 /var/www/html/lib/Cake/View/View.php(468): View->_getViewFileName(NULL)
#1 /var/www/html/lib/Cake/Controller/Controller.php(954): View->render(NULL, NULL)
#2 /var/www/html/lib/Cake/Routing/Dispatcher.php(198): Controller->render()
#3 /var/www/html/lib/Cake/Routing/Dispatcher.php(165): Dispatcher->_invoke(Object(UsersController), Object(CakeRequest))
#4 /var/www/html/app/webroot/index.php(108): Dispatcher->dispatch(Object(CakeRequest), Object(CakeResponse))
#5 {main}
2014-11-27 16:54:06 Error: [MissingViewException] View file "/var/www/html/app/View/Users/login.ctp" is missing.
Exception Attributes: array (
  'file' => '/var/www/html/app/View/Users/login.ctp',
)
Request URL: /users/login
Stack Trace:
#0 /var/www/html/lib/Cake/View/View.php(468): View->_getViewFileName(NULL)
#1 /var/www/html/lib/Cake/Controller/Controller.php(954): View->render(NULL, NULL)
#2 /var/www/html/lib/Cake/Routing/Dispatcher.php(198): Controller->render()
#3 /var/www/html/lib/Cake/Routing/Dispatcher.php(165): Dispatcher->_invoke(Object(UsersController), Object(CakeRequest))
#4 /var/www/html/app/webroot/index.php(108): Dispatcher->dispatch(Object(CakeRequest), Object(CakeResponse))
#5 {main}
2014-11-27 16:54:20 Error: [MissingViewException] View file "/var/www/html/app/View/Users/login.ctp" is missing.
Exception Attributes: array (
  'file' => '/var/www/html/app/View/Users/login.ctp',
)
Request URL: /users/login
Stack Trace:
#0 /var/www/html/lib/Cake/View/View.php(468): View->_getViewFileName(NULL)
#1 /var/www/html/lib/Cake/Controller/Controller.php(954): View->render(NULL, NULL)
#2 /var/www/html/lib/Cake/Routing/Dispatcher.php(198): Controller->render()
#3 /var/www/html/lib/Cake/Routing/Dispatcher.php(165): Dispatcher->_invoke(Object(UsersController), Object(CakeRequest))
#4 /var/www/html/app/webroot/index.php(108): Dispatcher->dispatch(Object(CakeRequest), Object(CakeResponse))
#5 {main}
2014-11-27 16:55:29 Error: [MissingViewException] View file "/var/www/html/app/View/Users/login.ctp" is missing.
Exception Attributes: array (
  'file' => '/var/www/html/app/View/Users/login.ctp',
)
Request URL: /users/login
Stack Trace:
#0 /var/www/html/lib/Cake/View/View.php(468): View->_getViewFileName(NULL)
#1 /var/www/html/lib/Cake/Controller/Controller.php(954): View->render(NULL, NULL)
#2 /var/www/html/lib/Cake/Routing/Dispatcher.php(198): Controller->render()
#3 /var/www/html/lib/Cake/Routing/Dispatcher.php(165): Dispatcher->_invoke(Object(UsersController), Object(CakeRequest))
#4 /var/www/html/app/webroot/index.php(108): Dispatcher->dispatch(Object(CakeRequest), Object(CakeResponse))
#5 {main}
2014-11-27 16:55:32 Error: [MissingViewException] View file "/var/www/html/app/View/Users/login.ctp" is missing.
Exception Attributes: array (
  'file' => '/var/www/html/app/View/Users/login.ctp',
)
Request URL: /users/login
Stack Trace:
#0 /var/www/html/lib/Cake/View/View.php(468): View->_getViewFileName(NULL)
#1 /var/www/html/lib/Cake/Controller/Controller.php(954): View->render(NULL, NULL)
#2 /var/www/html/lib/Cake/Routing/Dispatcher.php(198): Controller->render()
#3 /var/www/html/lib/Cake/Routing/Dispatcher.php(165): Dispatcher->_invoke(Object(UsersController), Object(CakeRequest))
#4 /var/www/html/app/webroot/index.php(108): Dispatcher->dispatch(Object(CakeRequest), Object(CakeResponse))
#5 {main}
2014-11-27 16:55:33 Error: [MissingViewException] View file "/var/www/html/app/View/Users/login.ctp" is missing.
Exception Attributes: array (
  'file' => '/var/www/html/app/View/Users/login.ctp',
)
Request URL: /users/login
Stack Trace:
#0 /var/www/html/lib/Cake/View/View.php(468): View->_getViewFileName(NULL)
#1 /var/www/html/lib/Cake/Controller/Controller.php(954): View->render(NULL, NULL)
#2 /var/www/html/lib/Cake/Routing/Dispatcher.php(198): Controller->render()
#3 /var/www/html/lib/Cake/Routing/Dispatcher.php(165): Dispatcher->_invoke(Object(UsersController), Object(CakeRequest))
#4 /var/www/html/app/webroot/index.php(108): Dispatcher->dispatch(Object(CakeRequest), Object(CakeResponse))
#5 {main}
2014-11-27 17:01:33 Error: [MissingViewException] View file "/var/www/html/app/View/Users/login.ctp" is missing.
Exception Attributes: array (
  'file' => '/var/www/html/app/View/Users/login.ctp',
)
Request URL: /users/login
Stack Trace:
#0 /var/www/html/lib/Cake/View/View.php(468): View->_getViewFileName(NULL)
#1 /var/www/html/lib/Cake/Controller/Controller.php(954): View->render(NULL, NULL)
#2 /var/www/html/lib/Cake/Routing/Dispatcher.php(198): Controller->render()
#3 /var/www/html/lib/Cake/Routing/Dispatcher.php(165): Dispatcher->_invoke(Object(UsersController), Object(CakeRequest))
#4 /var/www/html/app/webroot/index.php(108): Dispatcher->dispatch(Object(CakeRequest), Object(CakeResponse))
#5 {main}
2014-11-27 17:01:37 Error: [MissingViewException] View file "/var/www/html/app/View/Users/login.ctp" is missing.
Exception Attributes: array (
  'file' => '/var/www/html/app/View/Users/login.ctp',
)
Request URL: /users/login
Stack Trace:
#0 /var/www/html/lib/Cake/View/View.php(468): View->_getViewFileName(NULL)
#1 /var/www/html/lib/Cake/Controller/Controller.php(954): View->render(NULL, NULL)
#2 /var/www/html/lib/Cake/Routing/Dispatcher.php(198): Controller->render()
#3 /var/www/html/lib/Cake/Routing/Dispatcher.php(165): Dispatcher->_invoke(Object(UsersController), Object(CakeRequest))
#4 /var/www/html/app/webroot/index.php(108): Dispatcher->dispatch(Object(CakeRequest), Object(CakeResponse))
#5 {main}
2014-11-27 17:01:43 Error: [MissingViewException] View file "/var/www/html/app/View/Users/login.ctp" is missing.
Exception Attributes: array (
  'file' => '/var/www/html/app/View/Users/login.ctp',
)
Request URL: /users/login
Stack Trace:
#0 /var/www/html/lib/Cake/View/View.php(468): View->_getViewFileName(NULL)
#1 /var/www/html/lib/Cake/Controller/Controller.php(954): View->render(NULL, NULL)
#2 /var/www/html/lib/Cake/Routing/Dispatcher.php(198): Controller->render()
#3 /var/www/html/lib/Cake/Routing/Dispatcher.php(165): Dispatcher->_invoke(Object(UsersController), Object(CakeRequest))
#4 /var/www/html/app/webroot/index.php(108): Dispatcher->dispatch(Object(CakeRequest), Object(CakeResponse))
#5 {main}
2014-11-27 17:07:55 Error: [PDOException] SQLSTATE[42S22]: Column not found: 1054 Unknown column 'User.username' in 'where clause'
Request URL: /users/login
Stack Trace:
#0 /var/www/html/lib/Cake/Model/Datasource/DboSource.php(458): PDOStatement->execute(Array)
#1 /var/www/html/lib/Cake/Model/Datasource/DboSource.php(424): DboSource->_execute('SELECT `User`.`...', Array)
#2 /var/www/html/lib/Cake/Model/Datasource/DboSource.php(666): DboSource->execute('SELECT `User`.`...', Array, Array)
#3 /var/www/html/lib/Cake/Model/Datasource/DboSource.php(1106): DboSource->fetchAll('SELECT `User`.`...', false)
#4 /var/www/html/lib/Cake/Model/Model.php(2947): DboSource->read(Object(User), Array)
#5 /var/www/html/lib/Cake/Model/Model.php(2919): Model->_readDataSource('first', Array)
#6 /var/www/html/lib/Cake/Controller/Component/Auth/BaseAuthenticate.php(112): Model->find('first', Array)
#7 /var/www/html/lib/Cake/Controller/Component/Auth/FormAuthenticate.php(79): BaseAuthenticate->_findUser('anais', 'siba')
#8 /var/www/html/lib/Cake/Controller/Component/AuthComponent.php(754): FormAuthenticate->authenticate(Object(CakeRequest), Object(CakeResponse))
#9 /var/www/html/lib/Cake/Controller/Component/AuthComponent.php(601): AuthComponent->identify(Object(CakeRequest), Object(CakeResponse))
#10 /var/www/html/app/Controller/UsersController.php(113): AuthComponent->login()
#11 [internal function]: UsersController->login()
#12 /var/www/html/lib/Cake/Controller/Controller.php(490): ReflectionMethod->invokeArgs(Object(UsersController), Array)
#13 /var/www/html/lib/Cake/Routing/Dispatcher.php(191): Controller->invokeAction(Object(CakeRequest))
#14 /var/www/html/lib/Cake/Routing/Dispatcher.php(165): Dispatcher->_invoke(Object(UsersController), Object(CakeRequest))
#15 /var/www/html/app/webroot/index.php(108): Dispatcher->dispatch(Object(CakeRequest), Object(CakeResponse))
#16 {main}
2014-11-27 17:08:49 Error: [MissingControllerException] Controller class ExerciceController could not be found.
Exception Attributes: array (
  'class' => 'ExerciceController',
  'plugin' => NULL,
)
Request URL: /exercice
Stack Trace:
#0 /var/www/html/app/webroot/index.php(108): Dispatcher->dispatch(Object(CakeRequest), Object(CakeResponse))
#1 {main}
2014-11-27 17:16:35 Error: Fatal Error (4): syntax error, unexpected end of file in [/var/www/html/app/View/Layouts/default.ctp, line 69]
2014-11-27 17:16:35 Error: [FatalErrorException] syntax error, unexpected end of file
Request URL: /users/login
Stack Trace:
#0 /var/www/html/lib/Cake/Error/ErrorHandler.php(203): ErrorHandler::handleFatalError(4, 'syntax error, u...', '/var/www/html/a...', 69)
#1 [internal function]: ErrorHandler::handleError(4, 'syntax error, u...', '/var/www/html/a...', 69, Array)
#2 /var/www/html/lib/Cake/Core/App.php(931): call_user_func('ErrorHandler::h...', 4, 'syntax error, u...', '/var/www/html/a...', 69, Array)
#3 /var/www/html/lib/Cake/Core/App.php(904): App::_checkFatalError()
#4 [internal function]: App::shutdown()
#5 {main}
2014-11-27 18:10:23 Error: [MissingActionException] Action UsersController::1() could not be found.
Exception Attributes: array (
  'controller' => 'UsersController',
  'action' => '1',
)
Request URL: /users/1
Stack Trace:
#0 /var/www/html/lib/Cake/Routing/Dispatcher.php(191): Controller->invokeAction(Object(CakeRequest))
#1 /var/www/html/lib/Cake/Routing/Dispatcher.php(165): Dispatcher->_invoke(Object(UsersController), Object(CakeRequest))
#2 /var/www/html/app/webroot/index.php(108): Dispatcher->dispatch(Object(CakeRequest), Object(CakeResponse))
#3 {main}
2014-11-27 18:11:07 Error: [MissingActionException] Action UsersController::1() could not be found.
Exception Attributes: array (
  'controller' => 'UsersController',
  'action' => '1',
)
Request URL: /users/1
Stack Trace:
#0 /var/www/html/lib/Cake/Routing/Dispatcher.php(191): Controller->invokeAction(Object(CakeRequest))
#1 /var/www/html/lib/Cake/Routing/Dispatcher.php(165): Dispatcher->_invoke(Object(UsersController), Object(CakeRequest))
#2 /var/www/html/app/webroot/index.php(108): Dispatcher->dispatch(Object(CakeRequest), Object(CakeResponse))
#3 {main}
2014-11-27 18:11:13 Error: [MissingActionException] Action UsersController::1() could not be found.
Exception Attributes: array (
  'controller' => 'UsersController',
  'action' => '1',
)
Request URL: /users/1
Stack Trace:
#0 /var/www/html/lib/Cake/Routing/Dispatcher.php(191): Controller->invokeAction(Object(CakeRequest))
#1 /var/www/html/lib/Cake/Routing/Dispatcher.php(165): Dispatcher->_invoke(Object(UsersController), Object(CakeRequest))
#2 /var/www/html/app/webroot/index.php(108): Dispatcher->dispatch(Object(CakeRequest), Object(CakeResponse))
#3 {main}
2014-11-27 18:11:40 Error: [MissingActionException] Action UsersController::1() could not be found.
Exception Attributes: array (
  'controller' => 'UsersController',
  'action' => '1',
)
Request URL: /users/1
Stack Trace:
#0 /var/www/html/lib/Cake/Routing/Dispatcher.php(191): Controller->invokeAction(Object(CakeRequest))
#1 /var/www/html/lib/Cake/Routing/Dispatcher.php(165): Dispatcher->_invoke(Object(UsersController), Object(CakeRequest))
#2 /var/www/html/app/webroot/index.php(108): Dispatcher->dispatch(Object(CakeRequest), Object(CakeResponse))
#3 {main}
2014-11-27 18:16:47 Error: [MissingViewException] View file "/var/www/html/app/View/Pages/index/home.ctp" is missing.
Exception Attributes: array (
  'file' => '/var/www/html/app/View/Pages/index/home.ctp',
)
Request URL: /pages/index/home
Stack Trace:
#0 /var/www/html/lib/Cake/View/View.php(468): View->_getViewFileName('index/home')
#1 /var/www/html/lib/Cake/Controller/Controller.php(954): View->render('index/home', NULL)
#2 /var/www/html/app/Controller/PagesController.php(68): Controller->render('index/home')
#3 [internal function]: PagesController->display('index', 'home')
#4 /var/www/html/lib/Cake/Controller/Controller.php(490): ReflectionMethod->invokeArgs(Object(PagesController), Array)
#5 /var/www/html/lib/Cake/Routing/Dispatcher.php(191): Controller->invokeAction(Object(CakeRequest))
#6 /var/www/html/lib/Cake/Routing/Dispatcher.php(165): Dispatcher->_invoke(Object(PagesController), Object(CakeRequest))
#7 /var/www/html/app/webroot/index.php(108): Dispatcher->dispatch(Object(CakeRequest), Object(CakeResponse))
#8 {main}
2014-11-27 23:07:08 Error: [MissingControllerException] Controller class RegisterController could not be found.
Exception Attributes: array (
  'class' => 'RegisterController',
  'plugin' => NULL,
)
Request URL: /register
Stack Trace:
#0 /var/www/html/app/webroot/index.php(108): Dispatcher->dispatch(Object(CakeRequest), Object(CakeResponse))
#1 {main}
2014-11-27 23:16:11 Error: [NotFoundException] Invalid user
Request URL: /users/view/1
Stack Trace:
#0 [internal function]: UsersController->view('1')
#1 /var/www/html/lib/Cake/Controller/Controller.php(490): ReflectionMethod->invokeArgs(Object(UsersController), Array)
#2 /var/www/html/lib/Cake/Routing/Dispatcher.php(191): Controller->invokeAction(Object(CakeRequest))
#3 /var/www/html/lib/Cake/Routing/Dispatcher.php(165): Dispatcher->_invoke(Object(UsersController), Object(CakeRequest))
#4 /var/www/html/app/webroot/index.php(108): Dispatcher->dispatch(Object(CakeRequest), Object(CakeResponse))
#5 {main}
2014-11-27 23:16:18 Error: [NotFoundException] Invalid user
Request URL: /users/view/1
Stack Trace:
#0 [internal function]: UsersController->view('1')
#1 /var/www/html/lib/Cake/Controller/Controller.php(490): ReflectionMethod->invokeArgs(Object(UsersController), Array)
#2 /var/www/html/lib/Cake/Routing/Dispatcher.php(191): Controller->invokeAction(Object(CakeRequest))
#3 /var/www/html/lib/Cake/Routing/Dispatcher.php(165): Dispatcher->_invoke(Object(UsersController), Object(CakeRequest))
#4 /var/www/html/app/webroot/index.php(108): Dispatcher->dispatch(Object(CakeRequest), Object(CakeResponse))
#5 {main}
2014-11-27 23:16:28 Error: [NotFoundException] Invalid user
Request URL: /users/view/1
Stack Trace:
#0 [internal function]: UsersController->view('1')
#1 /var/www/html/lib/Cake/Controller/Controller.php(490): ReflectionMethod->invokeArgs(Object(UsersController), Array)
#2 /var/www/html/lib/Cake/Routing/Dispatcher.php(191): Controller->invokeAction(Object(CakeRequest))
#3 /var/www/html/lib/Cake/Routing/Dispatcher.php(165): Dispatcher->_invoke(Object(UsersController), Object(CakeRequest))
#4 /var/www/html/app/webroot/index.php(108): Dispatcher->dispatch(Object(CakeRequest), Object(CakeResponse))
#5 {main}
2014-11-28 00:45:38 Error: [NotFoundException] Invalid user
Request URL: /users/edit
Stack Trace:
#0 [internal function]: UsersController->edit()
#1 /var/www/html/lib/Cake/Controller/Controller.php(490): ReflectionMethod->invokeArgs(Object(UsersController), Array)
#2 /var/www/html/lib/Cake/Routing/Dispatcher.php(191): Controller->invokeAction(Object(CakeRequest))
#3 /var/www/html/lib/Cake/Routing/Dispatcher.php(165): Dispatcher->_invoke(Object(UsersController), Object(CakeRequest))
#4 /var/www/html/app/webroot/index.php(108): Dispatcher->dispatch(Object(CakeRequest), Object(CakeResponse))
#5 {main}
2014-11-28 01:11:09 Error: Fatal Error (4): syntax error, unexpected ';' in [/var/www/html/app/View/Users/edit.ctp, line 8]
2014-11-28 01:11:09 Error: [FatalErrorException] syntax error, unexpected ';'
Request URL: /users/edit/2
Stack Trace:
#0 /var/www/html/lib/Cake/Error/ErrorHandler.php(203): ErrorHandler::handleFatalError(4, 'syntax error, u...', '/var/www/html/a...', 8)
#1 [internal function]: ErrorHandler::handleError(4, 'syntax error, u...', '/var/www/html/a...', 8, Array)
#2 /var/www/html/lib/Cake/Core/App.php(931): call_user_func('ErrorHandler::h...', 4, 'syntax error, u...', '/var/www/html/a...', 8, Array)
#3 /var/www/html/lib/Cake/Core/App.php(904): App::_checkFatalError()
#4 [internal function]: App::shutdown()
#5 {main}
2014-11-28 01:35:55 Error: Fatal Error (4): syntax error, unexpected ''login'' (T_CONSTANT_ENCAPSED_STRING), expecting variable (T_VARIABLE) in [/var/www/html/app/Model/User.php, line 41]
2014-11-28 01:35:55 Error: [FatalErrorException] syntax error, unexpected ''login'' (T_CONSTANT_ENCAPSED_STRING), expecting variable (T_VARIABLE)
Request URL: /users/edit/3
Stack Trace:
#0 /var/www/html/lib/Cake/Error/ErrorHandler.php(203): ErrorHandler::handleFatalError(4, 'syntax error, u...', '/var/www/html/a...', 41)
#1 [internal function]: ErrorHandler::handleError(4, 'syntax error, u...', '/var/www/html/a...', 41, Array)
#2 /var/www/html/lib/Cake/Core/App.php(931): call_user_func('ErrorHandler::h...', 4, 'syntax error, u...', '/var/www/html/a...', 41, Array)
#3 /var/www/html/lib/Cake/Core/App.php(904): App::_checkFatalError()
#4 [internal function]: App::shutdown()
#5 {main}
2014-11-28 01:53:01 Error: Fatal Error (4): syntax error, unexpected ';' in [/var/www/html/app/View/Users/edit.ctp, line 8]
2014-11-28 01:53:01 Error: [FatalErrorException] syntax error, unexpected ';'
Request URL: /users/edit/3
Stack Trace:
#0 /var/www/html/lib/Cake/Error/ErrorHandler.php(203): ErrorHandler::handleFatalError(4, 'syntax error, u...', '/var/www/html/a...', 8)
#1 [internal function]: ErrorHandler::handleError(4, 'syntax error, u...', '/var/www/html/a...', 8, Array)
#2 /var/www/html/lib/Cake/Core/App.php(931): call_user_func('ErrorHandler::h...', 4, 'syntax error, u...', '/var/www/html/a...', 8, Array)
#3 /var/www/html/lib/Cake/Core/App.php(904): App::_checkFatalError()
#4 [internal function]: App::shutdown()
#5 {main}
2014-11-28 02:31:28 Error: [MissingActionException] Action UsersController::passwd() could not be found.
Exception Attributes: array (
  'controller' => 'UsersController',
  'action' => 'passwd',
)
Request URL: /users/passwd/3
Stack Trace:
#0 /var/www/html/lib/Cake/Routing/Dispatcher.php(191): Controller->invokeAction(Object(CakeRequest))
#1 /var/www/html/lib/Cake/Routing/Dispatcher.php(165): Dispatcher->_invoke(Object(UsersController), Object(CakeRequest))
#2 /var/www/html/app/webroot/index.php(108): Dispatcher->dispatch(Object(CakeRequest), Object(CakeResponse))
#3 {main}
2014-11-28 02:35:59 Error: [MissingActionException] Action UsersController::passwd() could not be found.
Exception Attributes: array (
  'controller' => 'UsersController',
  'action' => 'passwd',
)
Request URL: /users/passwd/3
Stack Trace:
#0 /var/www/html/lib/Cake/Routing/Dispatcher.php(191): Controller->invokeAction(Object(CakeRequest))
#1 /var/www/html/lib/Cake/Routing/Dispatcher.php(165): Dispatcher->_invoke(Object(UsersController), Object(CakeRequest))
#2 /var/www/html/app/webroot/index.php(108): Dispatcher->dispatch(Object(CakeRequest), Object(CakeResponse))
#3 {main}
2014-11-28 02:38:43 Error: [MissingActionException] Action UsersController::passwd() could not be found.
Exception Attributes: array (
  'controller' => 'UsersController',
  'action' => 'passwd',
)
Request URL: /users/passwd/3
Stack Trace:
#0 /var/www/html/lib/Cake/Routing/Dispatcher.php(191): Controller->invokeAction(Object(CakeRequest))
#1 /var/www/html/lib/Cake/Routing/Dispatcher.php(165): Dispatcher->_invoke(Object(UsersController), Object(CakeRequest))
#2 /var/www/html/app/webroot/index.php(108): Dispatcher->dispatch(Object(CakeRequest), Object(CakeResponse))
#3 {main}
2014-11-28 08:37:28 Error: Fatal Error (4): syntax error, unexpected '=>' (T_DOUBLE_ARROW) in [/var/www/html/app/Controller/UsersController.php, line 139]
2014-11-28 08:37:28 Error: [FatalErrorException] syntax error, unexpected '=>' (T_DOUBLE_ARROW)
Request URL: /users/logout
Stack Trace:
#0 /var/www/html/lib/Cake/Error/ErrorHandler.php(203): ErrorHandler::handleFatalError(4, 'syntax error, u...', '/var/www/html/a...', 139)
#1 [internal function]: ErrorHandler::handleError(4, 'syntax error, u...', '/var/www/html/a...', 139, Array)
#2 /var/www/html/lib/Cake/Core/App.php(931): call_user_func('ErrorHandler::h...', 4, 'syntax error, u...', '/var/www/html/a...', 139, Array)
#3 /var/www/html/lib/Cake/Core/App.php(904): App::_checkFatalError()
#4 [internal function]: App::shutdown()
#5 {main}
2014-11-28 08:37:48 Error: Fatal Error (4): syntax error, unexpected ';' in [/var/www/html/app/Controller/UsersController.php, line 139]
2014-11-28 08:37:48 Error: [FatalErrorException] syntax error, unexpected ';'
Request URL: /users/logout
Stack Trace:
#0 /var/www/html/lib/Cake/Error/ErrorHandler.php(203): ErrorHandler::handleFatalError(4, 'syntax error, u...', '/var/www/html/a...', 139)
#1 [internal function]: ErrorHandler::handleError(4, 'syntax error, u...', '/var/www/html/a...', 139, Array)
#2 /var/www/html/lib/Cake/Core/App.php(931): call_user_func('ErrorHandler::h...', 4, 'syntax error, u...', '/var/www/html/a...', 139, Array)
#3 /var/www/html/lib/Cake/Core/App.php(904): App::_checkFatalError()
#4 [internal function]: App::shutdown()
#5 {main}
2014-11-29 19:41:31 Error: [MissingConnectionException] Database connection "Mysql" is missing, or could not be created.
Exception Attributes: array (
  'class' => 'Mysql',
  'message' => 'SQLSTATE[42000] [1049] Unknown database \'darwin\'',
  'enabled' => true,
)
Request URL: /users/login
Stack Trace:
#0 /var/www/html/lib/Cake/Model/Datasource/DboSource.php(260): Mysql->connect()
#1 /var/www/html/lib/Cake/Model/ConnectionManager.php(105): DboSource->__construct(Array)
#2 /var/www/html/lib/Cake/Model/Model.php(3539): ConnectionManager::getDataSource('default')
#3 /var/www/html/lib/Cake/Model/Model.php(1136): Model->setDataSource('default')
#4 /var/www/html/lib/Cake/Model/Model.php(3566): Model->setSource('users')
#5 /var/www/html/lib/Cake/Model/Model.php(1369): Model->getDataSource()
#6 /var/www/html/lib/Cake/View/Helper/FormHelper.php(215): Model->schema()
#7 /var/www/html/lib/Cake/View/Helper/FormHelper.php(468): FormHelper->_introspectModel('User', 'fields')
#8 /var/www/html/app/View/Users/login.ctp(3): FormHelper->create('User')
#9 /var/www/html/lib/Cake/View/View.php(948): include('/var/www/html/a...')
#10 /var/www/html/lib/Cake/View/View.php(910): View->_evaluate('/var/www/html/a...', Array)
#11 /var/www/html/lib/Cake/View/View.php(471): View->_render('/var/www/html/a...')
#12 /var/www/html/lib/Cake/Controller/Controller.php(954): View->render(NULL, NULL)
#13 /var/www/html/lib/Cake/Routing/Dispatcher.php(198): Controller->render()
#14 /var/www/html/lib/Cake/Routing/Dispatcher.php(165): Dispatcher->_invoke(Object(UsersController), Object(CakeRequest))
#15 /var/www/html/app/webroot/index.php(108): Dispatcher->dispatch(Object(CakeRequest), Object(CakeResponse))
#16 {main}
2014-11-29 20:18:46 Error: Fatal Error (4): syntax error, unexpected '=>' (T_DOUBLE_ARROW) in [/var/www/html/app/View/Users/login.ctp, line 6]
2014-11-29 20:18:46 Error: [FatalErrorException] syntax error, unexpected '=>' (T_DOUBLE_ARROW)
Request URL: /users/login
Stack Trace:
#0 /var/www/html/lib/Cake/Error/ErrorHandler.php(203): ErrorHandler::handleFatalError(4, 'syntax error, u...', '/var/www/html/a...', 6)
#1 [internal function]: ErrorHandler::handleError(4, 'syntax error, u...', '/var/www/html/a...', 6, Array)
#2 /var/www/html/lib/Cake/Core/App.php(931): call_user_func('ErrorHandler::h...', 4, 'syntax error, u...', '/var/www/html/a...', 6, Array)
#3 /var/www/html/lib/Cake/Core/App.php(904): App::_checkFatalError()
#4 [internal function]: App::shutdown()
#5 {main}
2014-11-29 20:38:08 Error: [MissingControllerException] Controller class ImgController could not be found.
Exception Attributes: array (
  'class' => 'ImgController',
  'plugin' => NULL,
)
Request URL: /img/cake_logo.png
Stack Trace:
#0 /var/www/html/app/webroot/index.php(108): Dispatcher->dispatch(Object(CakeRequest), Object(CakeResponse))
#1 {main}
2014-11-29 20:39:36 Error: [MissingControllerException] Controller class ImgController could not be found.
Exception Attributes: array (
  'class' => 'ImgController',
  'plugin' => NULL,
)
Request URL: /img/logo
Stack Trace:
#0 /var/www/html/app/webroot/index.php(108): Dispatcher->dispatch(Object(CakeRequest), Object(CakeResponse))
#1 {main}
2014-11-30 02:29:19 Error: [MissingControllerException] Controller class StudentController could not be found.
Exception Attributes: array (
  'class' => 'StudentController',
  'plugin' => NULL,
)
Request URL: /student
Stack Trace:
#0 /var/www/html/app/webroot/index.php(108): Dispatcher->dispatch(Object(CakeRequest), Object(CakeResponse))
#1 {main}
2014-11-30 02:30:04 Error: Fatal Error (4): syntax error, unexpected ';' in [/var/www/html/app/View/Layouts/default.ctp, line 47]
2014-11-30 02:30:04 Error: [FatalErrorException] syntax error, unexpected ';'
Request URL: /students
Stack Trace:
#0 /var/www/html/lib/Cake/Error/ErrorHandler.php(203): ErrorHandler::handleFatalError(4, 'syntax error, u...', '/var/www/html/a...', 47)
#1 [internal function]: ErrorHandler::handleError(4, 'syntax error, u...', '/var/www/html/a...', 47, Array)
#2 /var/www/html/lib/Cake/Core/App.php(931): call_user_func('ErrorHandler::h...', 4, 'syntax error, u...', '/var/www/html/a...', 47, Array)
#3 /var/www/html/lib/Cake/Core/App.php(904): App::_checkFatalError()
#4 [internal function]: App::shutdown()
#5 {main}
2014-11-30 03:04:13 Error: [MissingControllerException] Controller class StudentController could not be found.
Exception Attributes: array (
  'class' => 'StudentController',
  'plugin' => NULL,
)
Request URL: /student
Stack Trace:
#0 /var/www/html/app/webroot/index.php(108): Dispatcher->dispatch(Object(CakeRequest), Object(CakeResponse))
#1 {main}
2014-11-30 03:42:05 Error: Fatal Error (4): syntax error, unexpected end of file in [/var/www/html/app/View/UnitSessions/index.ctp, line 14]
2014-11-30 03:42:05 Error: [FatalErrorException] syntax error, unexpected end of file
Request URL: /
Stack Trace:
#0 /var/www/html/lib/Cake/Error/ErrorHandler.php(203): ErrorHandler::handleFatalError(4, 'syntax error, u...', '/var/www/html/a...', 14)
#1 [internal function]: ErrorHandler::handleError(4, 'syntax error, u...', '/var/www/html/a...', 14, Array)
#2 /var/www/html/lib/Cake/Core/App.php(931): call_user_func('ErrorHandler::h...', 4, 'syntax error, u...', '/var/www/html/a...', 14, Array)
#3 /var/www/html/lib/Cake/Core/App.php(904): App::_checkFatalError()
#4 [internal function]: App::shutdown()
#5 {main}
2014-11-30 03:42:17 Error: Fatal Error (4): syntax error, unexpected end of file in [/var/www/html/app/View/UnitSessions/index.ctp, line 14]
2014-11-30 03:42:17 Error: [FatalErrorException] syntax error, unexpected end of file
Request URL: /
Stack Trace:
#0 /var/www/html/lib/Cake/Error/ErrorHandler.php(203): ErrorHandler::handleFatalError(4, 'syntax error, u...', '/var/www/html/a...', 14)
#1 [internal function]: ErrorHandler::handleError(4, 'syntax error, u...', '/var/www/html/a...', 14, Array)
#2 /var/www/html/lib/Cake/Core/App.php(931): call_user_func('ErrorHandler::h...', 4, 'syntax error, u...', '/var/www/html/a...', 14, Array)
#3 /var/www/html/lib/Cake/Core/App.php(904): App::_checkFatalError()
#4 [internal function]: App::shutdown()
#5 {main}
2014-11-30 21:54:59 Error: Fatal Error (4): syntax error, unexpected end of file in [/var/www/html/app/View/Layouts/default.ctp, line 85]
2014-11-30 21:54:59 Error: [FatalErrorException] syntax error, unexpected end of file
Request URL: /UnitSessions/view/1
Stack Trace:
#0 /var/www/html/lib/Cake/Error/ErrorHandler.php(203): ErrorHandler::handleFatalError(4, 'syntax error, u...', '/var/www/html/a...', 85)
#1 [internal function]: ErrorHandler::handleError(4, 'syntax error, u...', '/var/www/html/a...', 85, Array)
#2 /var/www/html/lib/Cake/Core/App.php(931): call_user_func('ErrorHandler::h...', 4, 'syntax error, u...', '/var/www/html/a...', 85, Array)
#3 /var/www/html/lib/Cake/Core/App.php(904): App::_checkFatalError()
#4 [internal function]: App::shutdown()
#5 {main}
2014-11-30 21:55:43 Error: Fatal Error (4): syntax error, unexpected end of file in [/var/www/html/app/View/Layouts/default.ctp, line 80]
2014-11-30 21:55:43 Error: [FatalErrorException] syntax error, unexpected end of file
Request URL: /UnitSessions/view/1
Stack Trace:
#0 /var/www/html/lib/Cake/Error/ErrorHandler.php(203): ErrorHandler::handleFatalError(4, 'syntax error, u...', '/var/www/html/a...', 80)
#1 [internal function]: ErrorHandler::handleError(4, 'syntax error, u...', '/var/www/html/a...', 80, Array)
#2 /var/www/html/lib/Cake/Core/App.php(931): call_user_func('ErrorHandler::h...', 4, 'syntax error, u...', '/var/www/html/a...', 80, Array)
#3 /var/www/html/lib/Cake/Core/App.php(904): App::_checkFatalError()
#4 [internal function]: App::shutdown()
#5 {main}
2014-11-30 21:58:48 Error: [MissingControllerException] Controller class ImgController could not be found.
Exception Attributes: array (
  'class' => 'ImgController',
  'plugin' => NULL,
)
Request URL: /img/jack.jpg
Stack Trace:
#0 /var/www/html/app/webroot/index.php(108): Dispatcher->dispatch(Object(CakeRequest), Object(CakeResponse))
#1 {main}
2014-11-30 21:58:48 Error: [MissingControllerException] Controller class ImgController could not be found.
Exception Attributes: array (
  'class' => 'ImgController',
  'plugin' => NULL,
)
Request URL: /img/elad.jpg
Stack Trace:
#0 /var/www/html/app/webroot/index.php(108): Dispatcher->dispatch(Object(CakeRequest), Object(CakeResponse))
#1 {main}
